This is pdfTeX, Version 3.141592653-2.6-1.40.23 (TeX Live 2021/W32TeX) (preloaded format=pdflatex 2021.9.24)  11 JAN 2022 19:47
entering extended mode
 restricted \write18 enabled.
 %&-line parsing enabled.
**vascular-network_v1.tex
(./vascular-network_v1.tex
LaTeX2e <2021-06-01> patch level 1
L3 programming layer <2021-08-27>
(c:/Users/grola/texlive/2021/texmf-dist/tex/latex/revtex4-1/revtex4-1.cls
Document Class: revtex4-1 2020/09/30 4.1s (http://publish.aps.org/revtex4/ for 
documentation)
 Copyright (c) 2009 The American Physical Society.
 mailto:revtex@aps.org
 Licensed under the LPPL:
http://www.ctan.org/tex-archive/macros/latex/base/lppl.txt
 Arthur Ogawa <arthur_ogawa at sbcglobal dot net>
 Based on work by David Carlisle <david at dcarlisle.demon.co.uk>.
ltxutil[2020/09/30 4.1s utilities package (portions licensed from W. E. Baxter 
web at superscript.com)]
LaTeX Info: Redefining \@centercr on input line 346.
Class revtex4-1 Info: Repairing broken LaTeX eqnarray on input line 396.
\eqncolsep=\skip47
Class revtex4-1 Info: Repairing hyperref-unfriendly LaTeX definition of \mpfoot
note on input line 471.
Class revtex4-1 Info: Repairing broken LateX \@sect on input line 793.
\intertabularlinepenalty=\count182
\@tbpen=\count183
\@arstrutbox@hline=\box50
Class revtex4-1 Info: Repairing broken LaTeX \@xbitor on input line 1824.
Class revtex4-1 Info: Making \typeout \long on input line 2089.
ltxfront[2020/09/30 4.1s frontmatter package (AO,DPC)]
\c@affil=\count184
\c@collab=\count185
\absbox=\box51
ltxgrid[2020/09/30 4.1s page grid package (portions licensed from W. E. Baxter 
web at superscript.com)]
\c@linecount=\count186
\output@latex=\toks16
\box@size@1=\box52
\box@size@2=\box53
\@protection@box=\box54
\@topmark@saved=\toks17
\footins@saved=\box55
\footins@recovered=\box56
\column@recovered=\box57
\pagesofar=\box58
\footsofar=\box59
\pagegrid@col=\count187
Class revtex4-1 Info: Overriding \@vspace, \@vspacer, \@no@pgbk, \@newline, and
 \\  on input line 5655.
\c@part=\count188
\c@section=\count189
\c@subsection=\count190
\c@subsubsection=\count191
\c@paragraph=\count192
\c@subparagraph=\count193
\abovecaptionskip=\skip48
\belowcaptionskip=\skip49
\c@figure=\count194
\fbox@1=\box60
\c@table=\count195
\fbox@2=\box61
\c@video=\count196
\fbox@4=\box62
\@bibdataout=\write3
\widetext@top=\box63
\widetext@bot=\box64
Class revtex4-1 Info: Selecting society aps on input line 7616.
(c:/Users/grola/texlive/2021/texmf-dist/tex/latex/revtex4-1/aps4-1.rtx
File: aps4-1 2020/09/30 4.1s (http://publish.aps.org/revtex4/ for documentation
)
Class revtex4-1 Info: RevTeX society APS selected on input line 31.
)
Class revtex4-1 Info: Selecting journal pra on input line 7618.
Class revtex4-1 Info: APS journal PRA selected on input line 7619.

(c:/Users/grola/texlive/2021/texmf-dist/tex/latex/revtex4-1/aps10pt4-1.rtx
File: aps10pt4-1 2020/09/30 4.1s (http://publish.aps.org/revtex4/ for documenta
tion)
Class revtex4-1 Info: RevTeX pointsize 10pt selected on input line 30.
)
(c:/Users/grola/texlive/2021/texmf-dist/tex/latex/textcase/textcase.sty
Package: textcase 2019/09/14 v1.00 Text only upper/lower case changing (DPC)
)
(c:/Users/grola/texlive/2021/texmf-dist/tex/latex/url/url.sty
\Urlmuskip=\muskip16
Package: url 2013/09/16  ver 3.4  Verb mode for urls, etc.
)
(c:/Users/grola/texlive/2021/texmf-dist/tex/latex/natbib/natbib.sty
Package: natbib 2010/09/13 8.31b (PWD, AO)
\bibhang=\skip50
\bibsep=\skip51
LaTeX Info: Redefining \cite on input line 694.
\c@NAT@ctr=\count197
)
Class revtex4-1 Info: Repairing natbib's \BibitemShut on input line 7623.

(c:/Users/grola/texlive/2021/texmf-dist/tex/latex/revtex4-1/revsymb4-1.sty
Package: revsymb4-1 2020/09/30 4.1s (http://publish.aps.org/revtex4/ for docume
ntation)
LaTeX Info: Redefining \REV@mathfrak on input line 119.
))
(c:/Users/grola/texlive/2021/texmf-dist/tex/latex/base/inputenc.sty
Package: inputenc 2021/02/14 v1.3d Input encoding file
\inpenc@prehook=\toks18
\inpenc@posthook=\toks19
)
(c:/Users/grola/texlive/2021/texmf-dist/tex/generic/babel/babel.sty
Package: babel 2021/07/22 3.63 The Babel package

(c:/Users/grola/texlive/2021/texmf-dist/tex/generic/babel/babel.def
File: babel.def 2021/07/22 3.63 Babel common definitions
\babel@savecnt=\count198
\U@D=\dimen138
\l@unhyphenated=\language87

(c:/Users/grola/texlive/2021/texmf-dist/tex/generic/babel/txtbabel.def)
\bbl@readstream=\read2
)
\bbl@dirlevel=\count199

(c:/Users/grola/texlive/2021/texmf-dist/tex/generic/babel-english/english.ldf
Language: english 2017/06/06 v3.3r English support from the babel system
Package babel Info: Hyphen rules for 'canadian' set to \l@english
(babel)             (\language0). Reported on input line 102.
Package babel Info: Hyphen rules for 'australian' set to \l@ukenglish
(babel)             (\language21). Reported on input line 105.
Package babel Info: Hyphen rules for 'newzealand' set to \l@ukenglish
(babel)             (\language21). Reported on input line 108.
)) (c:/Users/grola/texlive/2021/texmf-dist/tex/latex/base/fontenc.sty
Package: fontenc 2021/04/29 v2.0v Standard LaTeX package
)
(c:/Users/grola/texlive/2021/texmf-dist/tex/latex/psnfss/times.sty
Package: times 2020/03/25 PSNFSS-v9.3 (SPQR) 
)
(c:/Users/grola/texlive/2021/texmf-dist/tex/latex/amsmath/amsmath.sty
Package: amsmath 2021/04/20 v2.17j AMS math features
\@mathmargin=\skip52

For additional information on amsmath, use the `?' option.
(c:/Users/grola/texlive/2021/texmf-dist/tex/latex/amsmath/amstext.sty
Package: amstext 2000/06/29 v2.01 AMS text

(c:/Users/grola/texlive/2021/texmf-dist/tex/latex/amsmath/amsgen.sty
File: amsgen.sty 1999/11/30 v2.0 generic functions
\@emptytoks=\toks20
\ex@=\dimen139
)
LaTeX Info: Redefining \text on input line 28.
)
(c:/Users/grola/texlive/2021/texmf-dist/tex/latex/amsmath/amsbsy.sty
Package: amsbsy 1999/11/29 v1.2d Bold Symbols
\pmbraise@=\dimen140
)
(c:/Users/grola/texlive/2021/texmf-dist/tex/latex/amsmath/amsopn.sty
Package: amsopn 2016/03/08 v2.02 operator names
)
\inf@bad=\count266
LaTeX Info: Redefining \frac on input line 234.
\uproot@=\count267
\leftroot@=\count268
LaTeX Info: Redefining \overline on input line 399.
\classnum@=\count269
\DOTSCASE@=\count270
LaTeX Info: Redefining \ldots on input line 496.
LaTeX Info: Redefining \dots on input line 499.
LaTeX Info: Redefining \cdots on input line 620.
\Mathstrutbox@=\box65
\strutbox@=\box66
\big@size=\dimen141
LaTeX Font Info:    Redeclaring font encoding OML on input line 743.
LaTeX Font Info:    Redeclaring font encoding OMS on input line 744.
\macc@depth=\count271
\c@MaxMatrixCols=\count272
\dotsspace@=\muskip17
\c@parentequation=\count273
\dspbrk@lvl=\count274
\tag@help=\toks21
\row@=\count275
\column@=\count276
\maxfields@=\count277
\andhelp@=\toks22
\eqnshift@=\dimen142
\alignsep@=\dimen143
\tagshift@=\dimen144
\tagwidth@=\dimen145
\totwidth@=\dimen146
\lineht@=\dimen147
\@envbody=\toks23
\multlinegap=\skip53
\multlinetaggap=\skip54
\mathdisplay@stack=\toks24
LaTeX Info: Redefining \[ on input line 2923.
LaTeX Info: Redefining \] on input line 2924.
)
(c:/Users/grola/texlive/2021/texmf-dist/tex/latex/amscls/amsthm.sty
Package: amsthm 2020/05/29 v2.20.6
\thm@style=\toks25
\thm@bodyfont=\toks26
\thm@headfont=\toks27
\thm@notefont=\toks28
\thm@headpunct=\toks29
\thm@preskip=\skip55
\thm@postskip=\skip56
\thm@headsep=\skip57
\dth@everypar=\toks30
)
(c:/Users/grola/texlive/2021/texmf-dist/tex/latex/amsfonts/amssymb.sty
Package: amssymb 2013/01/14 v3.01 AMS font symbols

(c:/Users/grola/texlive/2021/texmf-dist/tex/latex/amsfonts/amsfonts.sty
Package: amsfonts 2013/01/14 v3.01 Basic AMSFonts support
\symAMSa=\mathgroup4
\symAMSb=\mathgroup5
LaTeX Font Info:    Redeclaring math symbol \hbar on input line 98.
LaTeX Font Info:    Overwriting math alphabet `\mathfrak' in version `bold'
(Font)                  U/euf/m/n --> U/euf/b/n on input line 106.
LaTeX Info: Redefining \frak on input line 111.
LaTeX Info: Redefining \Bbb on input line 113.
))
(c:/Users/grola/texlive/2021/texmf-dist/tex/latex/graphics/graphicx.sty
Package: graphicx 2020/12/05 v1.2c Enhanced LaTeX Graphics (DPC,SPQR)

(c:/Users/grola/texlive/2021/texmf-dist/tex/latex/graphics/keyval.sty
Package: keyval 2014/10/28 v1.15 key=value parser (DPC)
\KV@toks@=\toks31
)
(c:/Users/grola/texlive/2021/texmf-dist/tex/latex/graphics/graphics.sty
Package: graphics 2021/03/04 v1.4d Standard LaTeX Graphics (DPC,SPQR)

(c:/Users/grola/texlive/2021/texmf-dist/tex/latex/graphics/trig.sty
Package: trig 2016/01/03 v1.10 sin cos tan (DPC)
)
(c:/Users/grola/texlive/2021/texmf-dist/tex/latex/graphics-cfg/graphics.cfg
File: graphics.cfg 2016/06/04 v1.11 sample graphics configuration
)
Package graphics Info: Driver file: pdftex.def on input line 107.

(c:/Users/grola/texlive/2021/texmf-dist/tex/latex/graphics-def/pdftex.def
File: pdftex.def 2020/10/05 v1.2a Graphics/color driver for pdftex
))
\Gin@req@height=\dimen148
\Gin@req@width=\dimen149
)
(c:/Users/grola/texlive/2021/texmf-dist/tex/latex/tools/dcolumn.sty
Package: dcolumn 2014/10/28 v1.06 decimal alignment package (DPC)

(c:/Users/grola/texlive/2021/texmf-dist/tex/latex/tools/array.sty
Package: array 2021/04/20 v2.5e Tabular extension package (FMi)
\col@sep=\dimen150
\ar@mcellbox=\box67
\extrarowheight=\dimen151
\NC@list=\toks32
\extratabsurround=\skip58
\backup@length=\skip59
\ar@cellbox=\box68
))
(c:/Users/grola/texlive/2021/texmf-dist/tex/latex/doublestroke/dsfont.sty
Package: dsfont 1995/08/01 v0.1 Double stroke roman fonts
)
(c:/Users/grola/texlive/2021/texmf-dist/tex/latex/tools/bm.sty
Package: bm 2021/04/25 v1.2e Bold Symbol Support (DPC/FMi)
\symboldoperators=\mathgroup6
\symboldletters=\mathgroup7
\symboldsymbols=\mathgroup8
Package bm Info: No bold for \OMX/cmex/m/n, using \pmb.
Package bm Info: No bold for \U/msa/m/n, using \pmb.
Package bm Info: No bold for \U/msb/m/n, using \pmb.
LaTeX Font Info:    Redeclaring math alphabet \mathbf on input line 149.
LaTeX Info: Redefining \bm on input line 218.
)
(c:/Users/grola/texlive/2021/texmf-dist/tex/latex/graphics/color.sty
Package: color 2020/02/24 v1.2b Standard LaTeX Color (DPC)

(c:/Users/grola/texlive/2021/texmf-dist/tex/latex/graphics-cfg/color.cfg
File: color.cfg 2016/01/02 v1.6 sample color configuration
)
Package color Info: Driver file: pdftex.def on input line 149.
)
(c:/Users/grola/texlive/2021/texmf-dist/tex/latex/xcolor/xcolor.sty
Package: xcolor 2016/05/11 v2.12 LaTeX color extensions (UK)

(c:/Users/grola/texlive/2021/texmf-dist/tex/latex/graphics-cfg/color.cfg
File: color.cfg 2016/01/02 v1.6 sample color configuration
)
Package xcolor Info: Package option `usenames' ignored on input line 216.
Package xcolor Info: Driver file: pdftex.def on input line 225.
LaTeX Info: Redefining \color on input line 709.
Package xcolor Info: Model `cmy' substituted by `cmy0' on input line 1348.
Package xcolor Info: Model `hsb' substituted by `rgb' on input line 1352.
Package xcolor Info: Model `RGB' extended on input line 1364.
Package xcolor Info: Model `HTML' substituted by `rgb' on input line 1366.
Package xcolor Info: Model `Hsb' substituted by `hsb' on input line 1367.
Package xcolor Info: Model `tHsb' substituted by `hsb' on input line 1368.
Package xcolor Info: Model `HSB' substituted by `hsb' on input line 1369.
Package xcolor Info: Model `Gray' substituted by `gray' on input line 1370.
Package xcolor Info: Model `wave' substituted by `hsb' on input line 1371.

(c:/Users/grola/texlive/2021/texmf-dist/tex/latex/graphics/dvipsnam.def
File: dvipsnam.def 2016/06/17 v3.0m Driver-dependent file (DPC,SPQR)
))
(c:/Users/grola/texlive/2021/texmf-dist/tex/latex/booktabs/booktabs.sty
Package: booktabs 2020/01/12 v1.61803398 Publication quality tables
\heavyrulewidth=\dimen152
\lightrulewidth=\dimen153
\cmidrulewidth=\dimen154
\belowrulesep=\dimen155
\belowbottomsep=\dimen156
\aboverulesep=\dimen157
\abovetopsep=\dimen158
\cmidrulesep=\dimen159
\cmidrulekern=\dimen160
\defaultaddspace=\dimen161
\@cmidla=\count278
\@cmidlb=\count279
\@aboverulesep=\dimen162
\@belowrulesep=\dimen163
\@thisruleclass=\count280
\@lastruleclass=\count281
\@thisrulewidth=\dimen164
)
(c:/Users/grola/texlive/2021/texmf-dist/tex/latex/multirow/multirow.sty
Package: multirow 2021/03/15 v2.8 Span multiple rows of a table
\multirow@colwidth=\skip60
\multirow@cntb=\count282
\multirow@dima=\skip61
\bigstrutjot=\dimen165
)
(c:/Users/grola/texlive/2021/texmf-dist/tex/latex/changes/changes.sty
Package: changes 2021/07/15 v4.2.1 changes package

*** changes package 2021/07/15 v4.2.1 ***
(c:/Users/grola/texlive/2021/texmf-dist/tex/latex/xkeyval/xkeyval.sty
Package: xkeyval 2020/11/20 v2.8 package option processing (HA)

(c:/Users/grola/texlive/2021/texmf-dist/tex/generic/xkeyval/xkeyval.tex
(c:/Users/grola/texlive/2021/texmf-dist/tex/generic/xkeyval/xkvutils.tex
\XKV@toks=\toks33
\XKV@tempa@toks=\toks34
)
\XKV@depth=\count283
File: xkeyval.tex 2014/12/03 v2.7a key=value parser (HA)
))
(c:/Users/grola/texlive/2021/texmf-dist/tex/latex/etoolbox/etoolbox.sty
Package: etoolbox 2020/10/05 v2.5k e-TeX tools for LaTeX (JAW)
\etb@tempcnta=\count284
)
(c:/Users/grola/texlive/2021/texmf-dist/tex/generic/xstring/xstring.sty
(c:/Users/grola/texlive/2021/texmf-dist/tex/generic/xstring/xstring.tex
\integerpart=\count285
\decimalpart=\count286
)
Package: xstring 2021/07/21 v1.84 String manipulations (CT)
)
ulem-option 'normalem,normalbf', passed to package ulem
truncate-option 'breakall,fit', passed to package truncate
(c:/Users/grola/texlive/2021/texmf-dist/tex/generic/ulem/ulem.sty
\UL@box=\box69
\UL@hyphenbox=\box70
\UL@skip=\skip62
\UL@hook=\toks35
\UL@height=\dimen166
\UL@pe=\count287
\UL@pixel=\dimen167
\ULC@box=\box71
Package: ulem 2019/11/18
\ULdepth=\dimen168
)
(c:/Users/grola/texlive/2021/texmf-dist/tex/latex/todonotes/todonotes.sty
Package: todonotes 2021/06/04 v1.1.5 Todonotes source and documentation.
Package: todonotes 2021/06/04

(c:/Users/grola/texlive/2021/texmf-dist/tex/latex/base/ifthen.sty
Package: ifthen 2020/11/24 v1.1c Standard LaTeX ifthen package (DPC)
)
(c:/Users/grola/texlive/2021/texmf-dist/tex/latex/pgf/frontendlayer/tikz.sty
(c:/Users/grola/texlive/2021/texmf-dist/tex/latex/pgf/basiclayer/pgf.sty
(c:/Users/grola/texlive/2021/texmf-dist/tex/latex/pgf/utilities/pgfrcs.sty
(c:/Users/grola/texlive/2021/texmf-dist/tex/generic/pgf/utilities/pgfutil-commo
n.tex
\pgfutil@everybye=\toks36
\pgfutil@tempdima=\dimen169
\pgfutil@tempdimb=\dimen170

(c:/Users/grola/texlive/2021/texmf-dist/tex/generic/pgf/utilities/pgfutil-commo
n-lists.tex))
(c:/Users/grola/texlive/2021/texmf-dist/tex/generic/pgf/utilities/pgfutil-latex
.def
\pgfutil@abb=\box72
)
(c:/Users/grola/texlive/2021/texmf-dist/tex/generic/pgf/utilities/pgfrcs.code.t
ex (c:/Users/grola/texlive/2021/texmf-dist/tex/generic/pgf/pgf.revision.tex)
Package: pgfrcs 2021/05/15 v3.1.9a (3.1.9a)
))
Package: pgf 2021/05/15 v3.1.9a (3.1.9a)

(c:/Users/grola/texlive/2021/texmf-dist/tex/latex/pgf/basiclayer/pgfcore.sty
(c:/Users/grola/texlive/2021/texmf-dist/tex/latex/pgf/systemlayer/pgfsys.sty
(c:/Users/grola/texlive/2021/texmf-dist/tex/generic/pgf/systemlayer/pgfsys.code
.tex
Package: pgfsys 2021/05/15 v3.1.9a (3.1.9a)

(c:/Users/grola/texlive/2021/texmf-dist/tex/generic/pgf/utilities/pgfkeys.code.
tex
\pgfkeys@pathtoks=\toks37
\pgfkeys@temptoks=\toks38

(c:/Users/grola/texlive/2021/texmf-dist/tex/generic/pgf/utilities/pgfkeysfilter
ed.code.tex
\pgfkeys@tmptoks=\toks39
))
\pgf@x=\dimen171
\pgf@y=\dimen172
\pgf@xa=\dimen173
\pgf@ya=\dimen174
\pgf@xb=\dimen175
\pgf@yb=\dimen176
\pgf@xc=\dimen177
\pgf@yc=\dimen178
\pgf@xd=\dimen179
\pgf@yd=\dimen180
\w@pgf@writea=\write4
\r@pgf@reada=\read3
\c@pgf@counta=\count288
\c@pgf@countb=\count289
\c@pgf@countc=\count290
\c@pgf@countd=\count291
\t@pgf@toka=\toks40
\t@pgf@tokb=\toks41
\t@pgf@tokc=\toks42
\pgf@sys@id@count=\count292

(c:/Users/grola/texlive/2021/texmf-dist/tex/generic/pgf/systemlayer/pgf.cfg
File: pgf.cfg 2021/05/15 v3.1.9a (3.1.9a)
)
Driver file for pgf: pgfsys-pdftex.def

(c:/Users/grola/texlive/2021/texmf-dist/tex/generic/pgf/systemlayer/pgfsys-pdft
ex.def
File: pgfsys-pdftex.def 2021/05/15 v3.1.9a (3.1.9a)

(c:/Users/grola/texlive/2021/texmf-dist/tex/generic/pgf/systemlayer/pgfsys-comm
on-pdf.def
File: pgfsys-common-pdf.def 2021/05/15 v3.1.9a (3.1.9a)
)))
(c:/Users/grola/texlive/2021/texmf-dist/tex/generic/pgf/systemlayer/pgfsyssoftp
ath.code.tex
File: pgfsyssoftpath.code.tex 2021/05/15 v3.1.9a (3.1.9a)
\pgfsyssoftpath@smallbuffer@items=\count293
\pgfsyssoftpath@bigbuffer@items=\count294
)
(c:/Users/grola/texlive/2021/texmf-dist/tex/generic/pgf/systemlayer/pgfsysproto
col.code.tex
File: pgfsysprotocol.code.tex 2021/05/15 v3.1.9a (3.1.9a)
))
(c:/Users/grola/texlive/2021/texmf-dist/tex/generic/pgf/basiclayer/pgfcore.code
.tex
Package: pgfcore 2021/05/15 v3.1.9a (3.1.9a)

(c:/Users/grola/texlive/2021/texmf-dist/tex/generic/pgf/math/pgfmath.code.tex
(c:/Users/grola/texlive/2021/texmf-dist/tex/generic/pgf/math/pgfmathcalc.code.t
ex
(c:/Users/grola/texlive/2021/texmf-dist/tex/generic/pgf/math/pgfmathutil.code.t
ex)
(c:/Users/grola/texlive/2021/texmf-dist/tex/generic/pgf/math/pgfmathparser.code
.tex
\pgfmath@dimen=\dimen181
\pgfmath@count=\count295
\pgfmath@box=\box73
\pgfmath@toks=\toks43
\pgfmath@stack@operand=\toks44
\pgfmath@stack@operation=\toks45
)
(c:/Users/grola/texlive/2021/texmf-dist/tex/generic/pgf/math/pgfmathfunctions.c
ode.tex
(c:/Users/grola/texlive/2021/texmf-dist/tex/generic/pgf/math/pgfmathfunctions.b
asic.code.tex)
(c:/Users/grola/texlive/2021/texmf-dist/tex/generic/pgf/math/pgfmathfunctions.t
rigonometric.code.tex)
(c:/Users/grola/texlive/2021/texmf-dist/tex/generic/pgf/math/pgfmathfunctions.r
andom.code.tex)
(c:/Users/grola/texlive/2021/texmf-dist/tex/generic/pgf/math/pgfmathfunctions.c
omparison.code.tex)
(c:/Users/grola/texlive/2021/texmf-dist/tex/generic/pgf/math/pgfmathfunctions.b
ase.code.tex)
(c:/Users/grola/texlive/2021/texmf-dist/tex/generic/pgf/math/pgfmathfunctions.r
ound.code.tex)
(c:/Users/grola/texlive/2021/texmf-dist/tex/generic/pgf/math/pgfmathfunctions.m
isc.code.tex)
(c:/Users/grola/texlive/2021/texmf-dist/tex/generic/pgf/math/pgfmathfunctions.i
ntegerarithmetics.code.tex)))
(c:/Users/grola/texlive/2021/texmf-dist/tex/generic/pgf/math/pgfmathfloat.code.
tex
\c@pgfmathroundto@lastzeros=\count296
))
(c:/Users/grola/texlive/2021/texmf-dist/tex/generic/pgf/math/pgfint.code.tex)
(c:/Users/grola/texlive/2021/texmf-dist/tex/generic/pgf/basiclayer/pgfcorepoint
s.code.tex
File: pgfcorepoints.code.tex 2021/05/15 v3.1.9a (3.1.9a)
\pgf@picminx=\dimen182
\pgf@picmaxx=\dimen183
\pgf@picminy=\dimen184
\pgf@picmaxy=\dimen185
\pgf@pathminx=\dimen186
\pgf@pathmaxx=\dimen187
\pgf@pathminy=\dimen188
\pgf@pathmaxy=\dimen189
\pgf@xx=\dimen190
\pgf@xy=\dimen191
\pgf@yx=\dimen192
\pgf@yy=\dimen193
\pgf@zx=\dimen194
\pgf@zy=\dimen195
)
(c:/Users/grola/texlive/2021/texmf-dist/tex/generic/pgf/basiclayer/pgfcorepathc
onstruct.code.tex
File: pgfcorepathconstruct.code.tex 2021/05/15 v3.1.9a (3.1.9a)
\pgf@path@lastx=\dimen196
\pgf@path@lasty=\dimen197
)
(c:/Users/grola/texlive/2021/texmf-dist/tex/generic/pgf/basiclayer/pgfcorepathu
sage.code.tex
File: pgfcorepathusage.code.tex 2021/05/15 v3.1.9a (3.1.9a)
\pgf@shorten@end@additional=\dimen198
\pgf@shorten@start@additional=\dimen199
)
(c:/Users/grola/texlive/2021/texmf-dist/tex/generic/pgf/basiclayer/pgfcorescope
s.code.tex
File: pgfcorescopes.code.tex 2021/05/15 v3.1.9a (3.1.9a)
\pgfpic=\box74
\pgf@hbox=\box75
\pgf@layerbox@main=\box76
\pgf@picture@serial@count=\count297
)
(c:/Users/grola/texlive/2021/texmf-dist/tex/generic/pgf/basiclayer/pgfcoregraph
icstate.code.tex
File: pgfcoregraphicstate.code.tex 2021/05/15 v3.1.9a (3.1.9a)
\pgflinewidth=\dimen256
)
(c:/Users/grola/texlive/2021/texmf-dist/tex/generic/pgf/basiclayer/pgfcoretrans
formations.code.tex
File: pgfcoretransformations.code.tex 2021/05/15 v3.1.9a (3.1.9a)
\pgf@pt@x=\dimen257
\pgf@pt@y=\dimen258
\pgf@pt@temp=\dimen259
)
(c:/Users/grola/texlive/2021/texmf-dist/tex/generic/pgf/basiclayer/pgfcorequick
.code.tex
File: pgfcorequick.code.tex 2021/05/15 v3.1.9a (3.1.9a)
)
(c:/Users/grola/texlive/2021/texmf-dist/tex/generic/pgf/basiclayer/pgfcoreobjec
ts.code.tex
File: pgfcoreobjects.code.tex 2021/05/15 v3.1.9a (3.1.9a)
)
(c:/Users/grola/texlive/2021/texmf-dist/tex/generic/pgf/basiclayer/pgfcorepathp
rocessing.code.tex
File: pgfcorepathprocessing.code.tex 2021/05/15 v3.1.9a (3.1.9a)
)
(c:/Users/grola/texlive/2021/texmf-dist/tex/generic/pgf/basiclayer/pgfcorearrow
s.code.tex
File: pgfcorearrows.code.tex 2021/05/15 v3.1.9a (3.1.9a)
\pgfarrowsep=\dimen260
)
(c:/Users/grola/texlive/2021/texmf-dist/tex/generic/pgf/basiclayer/pgfcoreshade
.code.tex
File: pgfcoreshade.code.tex 2021/05/15 v3.1.9a (3.1.9a)
\pgf@max=\dimen261
\pgf@sys@shading@range@num=\count298
\pgf@shadingcount=\count299
)
(c:/Users/grola/texlive/2021/texmf-dist/tex/generic/pgf/basiclayer/pgfcoreimage
.code.tex
File: pgfcoreimage.code.tex 2021/05/15 v3.1.9a (3.1.9a)

(c:/Users/grola/texlive/2021/texmf-dist/tex/generic/pgf/basiclayer/pgfcoreexter
nal.code.tex
File: pgfcoreexternal.code.tex 2021/05/15 v3.1.9a (3.1.9a)
\pgfexternal@startupbox=\box77
))
(c:/Users/grola/texlive/2021/texmf-dist/tex/generic/pgf/basiclayer/pgfcorelayer
s.code.tex
File: pgfcorelayers.code.tex 2021/05/15 v3.1.9a (3.1.9a)
)
(c:/Users/grola/texlive/2021/texmf-dist/tex/generic/pgf/basiclayer/pgfcoretrans
parency.code.tex
File: pgfcoretransparency.code.tex 2021/05/15 v3.1.9a (3.1.9a)
)
(c:/Users/grola/texlive/2021/texmf-dist/tex/generic/pgf/basiclayer/pgfcorepatte
rns.code.tex
File: pgfcorepatterns.code.tex 2021/05/15 v3.1.9a (3.1.9a)
)
(c:/Users/grola/texlive/2021/texmf-dist/tex/generic/pgf/basiclayer/pgfcorerdf.c
ode.tex
File: pgfcorerdf.code.tex 2021/05/15 v3.1.9a (3.1.9a)
)))
(c:/Users/grola/texlive/2021/texmf-dist/tex/generic/pgf/modules/pgfmoduleshapes
.code.tex
File: pgfmoduleshapes.code.tex 2021/05/15 v3.1.9a (3.1.9a)
\pgfnodeparttextbox=\box78
)
(c:/Users/grola/texlive/2021/texmf-dist/tex/generic/pgf/modules/pgfmoduleplot.c
ode.tex
File: pgfmoduleplot.code.tex 2021/05/15 v3.1.9a (3.1.9a)
)
(c:/Users/grola/texlive/2021/texmf-dist/tex/latex/pgf/compatibility/pgfcomp-ver
sion-0-65.sty
Package: pgfcomp-version-0-65 2021/05/15 v3.1.9a (3.1.9a)
\pgf@nodesepstart=\dimen262
\pgf@nodesepend=\dimen263
)
(c:/Users/grola/texlive/2021/texmf-dist/tex/latex/pgf/compatibility/pgfcomp-ver
sion-1-18.sty
Package: pgfcomp-version-1-18 2021/05/15 v3.1.9a (3.1.9a)
))
(c:/Users/grola/texlive/2021/texmf-dist/tex/latex/pgf/utilities/pgffor.sty
(c:/Users/grola/texlive/2021/texmf-dist/tex/latex/pgf/utilities/pgfkeys.sty
(c:/Users/grola/texlive/2021/texmf-dist/tex/generic/pgf/utilities/pgfkeys.code.
tex)) (c:/Users/grola/texlive/2021/texmf-dist/tex/latex/pgf/math/pgfmath.sty
(c:/Users/grola/texlive/2021/texmf-dist/tex/generic/pgf/math/pgfmath.code.tex))

(c:/Users/grola/texlive/2021/texmf-dist/tex/generic/pgf/utilities/pgffor.code.t
ex
Package: pgffor 2021/05/15 v3.1.9a (3.1.9a)

(c:/Users/grola/texlive/2021/texmf-dist/tex/generic/pgf/math/pgfmath.code.tex)
\pgffor@iter=\dimen264
\pgffor@skip=\dimen265
\pgffor@stack=\toks46
\pgffor@toks=\toks47
))
(c:/Users/grola/texlive/2021/texmf-dist/tex/generic/pgf/frontendlayer/tikz/tikz
.code.tex
Package: tikz 2021/05/15 v3.1.9a (3.1.9a)

(c:/Users/grola/texlive/2021/texmf-dist/tex/generic/pgf/libraries/pgflibraryplo
thandlers.code.tex
File: pgflibraryplothandlers.code.tex 2021/05/15 v3.1.9a (3.1.9a)
\pgf@plot@mark@count=\count300
\pgfplotmarksize=\dimen266
)
\tikz@lastx=\dimen267
\tikz@lasty=\dimen268
\tikz@lastxsaved=\dimen269
\tikz@lastysaved=\dimen270
\tikz@lastmovetox=\dimen271
\tikz@lastmovetoy=\dimen272
\tikzleveldistance=\dimen273
\tikzsiblingdistance=\dimen274
\tikz@figbox=\box79
\tikz@figbox@bg=\box80
\tikz@tempbox=\box81
\tikz@tempbox@bg=\box82
\tikztreelevel=\count301
\tikznumberofchildren=\count302
\tikznumberofcurrentchild=\count303
\tikz@fig@count=\count304

(c:/Users/grola/texlive/2021/texmf-dist/tex/generic/pgf/modules/pgfmodulematrix
.code.tex
File: pgfmodulematrix.code.tex 2021/05/15 v3.1.9a (3.1.9a)
\pgfmatrixcurrentrow=\count305
\pgfmatrixcurrentcolumn=\count306
\pgf@matrix@numberofcolumns=\count307
)
\tikz@expandcount=\count308

(c:/Users/grola/texlive/2021/texmf-dist/tex/generic/pgf/frontendlayer/tikz/libr
aries/tikzlibrarytopaths.code.tex
File: tikzlibrarytopaths.code.tex 2021/05/15 v3.1.9a (3.1.9a)
)))
(c:/Users/grola/texlive/2021/texmf-dist/tex/generic/pgf/frontendlayer/tikz/libr
aries/tikzlibrarypositioning.code.tex
File: tikzlibrarypositioning.code.tex 2021/05/15 v3.1.9a (3.1.9a)
)
(c:/Users/grola/texlive/2021/texmf-dist/tex/latex/tools/calc.sty
Package: calc 2017/05/25 v4.3 Infix arithmetic (KKT,FJ)
\calc@Acount=\count309
\calc@Bcount=\count310
\calc@Adimen=\dimen275
\calc@Bdimen=\dimen276
\calc@Askip=\skip63
\calc@Bskip=\skip64
LaTeX Info: Redefining \setlength on input line 80.
LaTeX Info: Redefining \addtolength on input line 81.
\calc@Ccount=\count311
\calc@Cskip=\skip65
)
\c@@todonotes@numberoftodonotes=\count312
)
\c@Changes@AuthorCount=\count313
\c@Changes@Author=\count314
\c@Changes@addedCount=\count315
\c@Changes@deletedCount=\count316
\c@Changes@replacedCount=\count317
\c@Changes@highlightCount=\count318
\c@Changes@commentCount=\count319
\c@authorcommentcount=\count320

(c:/Users/grola/texlive/2021/texmf-dist/tex/latex/truncate/truncate.sty
Package: truncate 2001/08/20  ver 3.6
\@Trunc@RestHyph=\toks48
)
\Changestruncatewidth=\skip66
\Changes@summary@width=\skip67
)
(c:/Users/grola/texlive/2021/texmf-dist/tex/latex/tools/verbatim.sty
Package: verbatim 2020-07-07 v1.5u LaTeX2e package for verbatim enhancements
\every@verbatim=\toks49
\verbatim@line=\toks50
\verbatim@in@stream=\read4
)
(c:/Users/grola/texlive/2021/texmf-dist/tex/latex/geometry/geometry.sty
Package: geometry 2020/01/02 v5.9 Page Geometry

(c:/Users/grola/texlive/2021/texmf-dist/tex/generic/iftex/ifvtex.sty
Package: ifvtex 2019/10/25 v1.7 ifvtex legacy package. Use iftex instead.

(c:/Users/grola/texlive/2021/texmf-dist/tex/generic/iftex/iftex.sty
Package: iftex 2020/03/06 v1.0d TeX engine tests
))
\Gm@cnth=\count321
\Gm@cntv=\count322
\c@Gm@tempcnt=\count323
\Gm@bindingoffset=\dimen277
\Gm@wd@mp=\dimen278
\Gm@odd@mp=\dimen279
\Gm@even@mp=\dimen280
\Gm@layoutwidth=\dimen281
\Gm@layoutheight=\dimen282
\Gm@layouthoffset=\dimen283
\Gm@layoutvoffset=\dimen284
\Gm@dimlist=\toks51
)
(c:/Users/grola/texlive/2021/texmf-dist/tex/latex/hyperref/hyperref.sty
Package: hyperref 2021-06-07 v7.00m Hypertext links for LaTeX

(c:/Users/grola/texlive/2021/texmf-dist/tex/generic/ltxcmds/ltxcmds.sty
Package: ltxcmds 2020-05-10 v1.25 LaTeX kernel commands for general use (HO)
)
(c:/Users/grola/texlive/2021/texmf-dist/tex/generic/pdftexcmds/pdftexcmds.sty
Package: pdftexcmds 2020-06-27 v0.33 Utility functions of pdfTeX for LuaTeX (HO
)

(c:/Users/grola/texlive/2021/texmf-dist/tex/generic/infwarerr/infwarerr.sty
Package: infwarerr 2019/12/03 v1.5 Providing info/warning/error messages (HO)
)
Package pdftexcmds Info: \pdf@primitive is available.
Package pdftexcmds Info: \pdf@ifprimitive is available.
Package pdftexcmds Info: \pdfdraftmode found.
)
(c:/Users/grola/texlive/2021/texmf-dist/tex/generic/kvsetkeys/kvsetkeys.sty
Package: kvsetkeys 2019/12/15 v1.18 Key value parser (HO)
)
(c:/Users/grola/texlive/2021/texmf-dist/tex/generic/kvdefinekeys/kvdefinekeys.s
ty
Package: kvdefinekeys 2019-12-19 v1.6 Define keys (HO)
) (c:/Users/grola/texlive/2021/texmf-dist/tex/generic/pdfescape/pdfescape.sty
Package: pdfescape 2019/12/09 v1.15 Implements pdfTeX's escape features (HO)
) (c:/Users/grola/texlive/2021/texmf-dist/tex/latex/hycolor/hycolor.sty
Package: hycolor 2020-01-27 v1.10 Color options for hyperref/bookmark (HO)
)
(c:/Users/grola/texlive/2021/texmf-dist/tex/latex/letltxmacro/letltxmacro.sty
Package: letltxmacro 2019/12/03 v1.6 Let assignment for LaTeX macros (HO)
)
(c:/Users/grola/texlive/2021/texmf-dist/tex/latex/auxhook/auxhook.sty
Package: auxhook 2019-12-17 v1.6 Hooks for auxiliary files (HO)
)
(c:/Users/grola/texlive/2021/texmf-dist/tex/latex/kvoptions/kvoptions.sty
Package: kvoptions 2020-10-07 v3.14 Key value format for package options (HO)
)
\@linkdim=\dimen285
\Hy@linkcounter=\count324
\Hy@pagecounter=\count325

(c:/Users/grola/texlive/2021/texmf-dist/tex/latex/hyperref/pd1enc.def
File: pd1enc.def 2021-06-07 v7.00m Hyperref: PDFDocEncoding definition (HO)
Now handling font encoding PD1 ...
... no UTF-8 mapping file for font encoding PD1
)
(c:/Users/grola/texlive/2021/texmf-dist/tex/latex/hyperref/hyperref-langpatches
.def
File: hyperref-langpatches.def 2021-06-07 v7.00m Hyperref: patches for babel la
nguages
) (c:/Users/grola/texlive/2021/texmf-dist/tex/generic/intcalc/intcalc.sty
Package: intcalc 2019/12/15 v1.3 Expandable calculations with integers (HO)
)
(c:/Users/grola/texlive/2021/texmf-dist/tex/generic/etexcmds/etexcmds.sty
Package: etexcmds 2019/12/15 v1.7 Avoid name clashes with e-TeX commands (HO)
)
\Hy@SavedSpaceFactor=\count326

(c:/Users/grola/texlive/2021/texmf-dist/tex/latex/hyperref/puenc.def
File: puenc.def 2021-06-07 v7.00m Hyperref: PDF Unicode definition (HO)
Now handling font encoding PU ...
... no UTF-8 mapping file for font encoding PU
)
Package hyperref Info: Option `unicode' set `true' on input line 4073.
Package hyperref Info: Option `pdfusetitle' set `true' on input line 4073.
Package hyperref Info: Option `bookmarks' set `false' on input line 4073.
Package hyperref Info: Option `bookmarksnumbered' set `false' on input line 407
3.
Package hyperref Info: Option `bookmarksopen' set `false' on input line 4073.
Package hyperref Info: Option `breaklinks' set `false' on input line 4073.
Package hyperref Info: Option `colorlinks' set `true' on input line 4073.
Package hyperref Info: Hyper figures OFF on input line 4192.
Package hyperref Info: Link nesting OFF on input line 4197.
Package hyperref Info: Hyper index ON on input line 4200.
Package hyperref Info: Plain pages OFF on input line 4207.
Package hyperref Info: Backreferencing OFF on input line 4212.
Package hyperref Info: Implicit mode ON; LaTeX internals redefined.
Package hyperref Info: Bookmarks OFF on input line 4451.
LaTeX Info: Redefining \href on input line 4715.
\c@Hy@tempcnt=\count327
LaTeX Info: Redefining \url on input line 4804.
\XeTeXLinkMargin=\dimen286

(c:/Users/grola/texlive/2021/texmf-dist/tex/generic/bitset/bitset.sty
Package: bitset 2019/12/09 v1.3 Handle bit-vector datatype (HO)

(c:/Users/grola/texlive/2021/texmf-dist/tex/generic/bigintcalc/bigintcalc.sty
Package: bigintcalc 2019/12/15 v1.5 Expandable calculations on big integers (HO
)
))
\Fld@menulength=\count328
\Field@Width=\dimen287
\Fld@charsize=\dimen288
Package hyperref Info: Hyper figures OFF on input line 6076.
Package hyperref Info: Link nesting OFF on input line 6081.
Package hyperref Info: Hyper index ON on input line 6084.
Package hyperref Info: backreferencing OFF on input line 6091.
Package hyperref Info: Link coloring ON on input line 6094.
Package hyperref Info: Link coloring with OCG OFF on input line 6101.
Package hyperref Info: PDF/A mode OFF on input line 6106.
LaTeX Info: Redefining \ref on input line 6146.
LaTeX Info: Redefining \pageref on input line 6150.
(c:/Users/grola/texlive/2021/texmf-dist/tex/latex/base/atbegshi-ltx.sty
Package: atbegshi-ltx 2021/01/10 v1.0c Emulation of the original atbegshi
package with kernel methods
)
\Hy@abspage=\count329
\c@Item=\count330
\c@Hfootnote=\count331
)
Package hyperref Info: Driver (autodetected): hpdftex.

(c:/Users/grola/texlive/2021/texmf-dist/tex/latex/hyperref/hpdftex.def
File: hpdftex.def 2021-06-07 v7.00m Hyperref driver for pdfTeX

(c:/Users/grola/texlive/2021/texmf-dist/tex/latex/base/atveryend-ltx.sty
Package: atveryend-ltx 2020/08/19 v1.0a Emulation of the original atvery packag
e
with kernel methods
)
\Fld@listcount=\count332
\c@bookmark@seq@number=\count333

(c:/Users/grola/texlive/2021/texmf-dist/tex/latex/rerunfilecheck/rerunfilecheck
.sty
Package: rerunfilecheck 2019/12/05 v1.9 Rerun checks for auxiliary files (HO)

(c:/Users/grola/texlive/2021/texmf-dist/tex/generic/uniquecounter/uniquecounter
.sty
Package: uniquecounter 2019/12/15 v1.4 Provide unlimited unique counter (HO)
)
Package uniquecounter Info: New unique counter `rerunfilecheck' on input line 2
86.
)
\Hy@SectionHShift=\skip68
)
Class revtex4-1 Info: Unrecognized array package. Please update this document c
lass! (Proceeding with fingers crossed.) on input line 217.
Class revtex4-1 Info: cite was not loaded (OK!) on input line 217.
Class revtex4-1 Info: mcite was not loaded (OK!) on input line 217.
Class revtex4-1 Info: multicol was not loaded (OK!) on input line 217.
LaTeX Font Info:    Trying to load font information for T1+ptm on input line 21
7.
 (c:/Users/grola/texlive/2021/texmf-dist/tex/latex/psnfss/t1ptm.fd
File: t1ptm.fd 2001/06/04 font definitions for T1/ptm.
)
(c:/Users/grola/texlive/2021/texmf-dist/tex/latex/l3backend/l3backend-pdftex.de
f
File: l3backend-pdftex.def 2021-08-04 L3 backend support: PDF output (pdfTeX)
\l__color_backend_stack_int=\count334
\l__pdf_internal_box=\box83
) (./vascular-network_v1.aux)
\openout1 = `vascular-network_v1.aux'.

LaTeX Font Info:    Checking defaults for OML/cmm/m/it on input line 217.
LaTeX Font Info:    ... okay on input line 217.
LaTeX Font Info:    Checking defaults for OMS/cmsy/m/n on input line 217.
LaTeX Font Info:    ... okay on input line 217.
LaTeX Font Info:    Checking defaults for OT1/cmr/m/n on input line 217.
LaTeX Font Info:    ... okay on input line 217.
LaTeX Font Info:    Checking defaults for T1/cmr/m/n on input line 217.
LaTeX Font Info:    ... okay on input line 217.
LaTeX Font Info:    Checking defaults for TS1/cmr/m/n on input line 217.
LaTeX Font Info:    ... okay on input line 217.
LaTeX Font Info:    Checking defaults for OMX/cmex/m/n on input line 217.
LaTeX Font Info:    ... okay on input line 217.
LaTeX Font Info:    Checking defaults for U/cmr/m/n on input line 217.
LaTeX Font Info:    ... okay on input line 217.
LaTeX Font Info:    Checking defaults for PD1/pdf/m/n on input line 217.
LaTeX Font Info:    ... okay on input line 217.
LaTeX Font Info:    Checking defaults for PU/pdf/m/n on input line 217.
LaTeX Font Info:    ... okay on input line 217.

(c:/Users/grola/texlive/2021/texmf-dist/tex/context/base/mkii/supp-pdf.mkii
[Loading MPS to PDF converter (version 2006.09.02).]
\scratchcounter=\count335
\scratchdimen=\dimen289
\scratchbox=\box84
\nofMPsegments=\count336
\nofMParguments=\count337
\everyMPshowfont=\toks52
\MPscratchCnt=\count338
\MPscratchDim=\dimen290
\MPnumerator=\count339
\makeMPintoPDFobject=\count340
\everyMPtoPDFconversion=\toks53
)
(c:/Users/grola/texlive/2021/texmf-dist/tex/latex/epstopdf-pkg/epstopdf-base.st
y
Package: epstopdf-base 2020-01-24 v2.11 Base part for package epstopdf
Package epstopdf-base Info: Redefining graphics rule for `.eps' on input line 4
85.

(c:/Users/grola/texlive/2021/texmf-dist/tex/latex/latexconfig/epstopdf-sys.cfg
File: epstopdf-sys.cfg 2010/07/13 v1.3 Configuration of (r)epstopdf for TeX Liv
e
))

Package todonotes Warning: The length marginparwidth is less than 2cm and will 
most likely cause issues with the appearance of inserted todonotes. The issue c
an be solved by adding a line like \setlength {\marginparwidth }{2cm} prior to 
loading the todonotes package. on input line 217.

*geometry* driver: auto-detecting
*geometry* detected driver: pdftex
*geometry* verbose mode - [ preamble ] result:
* driver: pdftex
* paper: a4paper
* layout: <same size as paper>
* layoutoffset:(h,v)=(0.0pt,0.0pt)
* modes: 
* h-part:(L,W,R)=(56.9055pt, 483.69687pt, 56.9055pt)
* v-part:(T,H,B)=(71.13188pt, 702.78308pt, 71.13188pt)
* \paperwidth=597.50787pt
* \paperheight=845.04684pt
* \textwidth=483.69687pt
* \textheight=702.78308pt
* \oddsidemargin=-15.36449pt
* \evensidemargin=-15.36449pt
* \topmargin=-42.1381pt
* \headheight=25.0pt
* \headsep=16.0pt
* \topskip=10.0pt
* \footskip=30.0pt
* \marginparwidth=30.0pt
* \marginparsep=6.0pt
* \columnsep=18.0pt
* \skip\footins=39.0pt plus 4.0pt minus 12.0pt
* \hoffset=0.0pt
* \voffset=0.0pt
* \mag=1000
* \@twocolumnfalse
* \@twosidefalse
* \@mparswitchfalse
* \@reversemarginfalse
* (1in=72.27pt=25.4mm, 1cm=28.453pt)

Package hyperref Info: Link coloring ON on input line 217.
(c:/Users/grola/texlive/2021/texmf-dist/tex/latex/hyperref/nameref.sty
Package: nameref 2021-04-02 v2.47 Cross-referencing by name of section

(c:/Users/grola/texlive/2021/texmf-dist/tex/latex/refcount/refcount.sty
Package: refcount 2019/12/15 v3.6 Data extraction from label references (HO)
)
(c:/Users/grola/texlive/2021/texmf-dist/tex/generic/gettitlestring/gettitlestri
ng.sty
Package: gettitlestring 2019/12/15 v1.6 Cleanup title references (HO)
)
\c@section@level=\count341
)
LaTeX Info: Redefining \ref on input line 217.
LaTeX Info: Redefining \pageref on input line 217.
LaTeX Info: Redefining \nameref on input line 217.
Class revtex4-1 Info: Taking \maketitle back from hyperref on input line 217.
\openout3 = `vascular-network_v1Notes.bib'.



Class revtex4-1 Warning: Assuming \noaffiliation for authors.


Underfull \hbox (badness 1325) in paragraph at lines 250--251
[]\T1/ptm/m/it/10 Evolution mech-a-nisms. \T1/ptm/m/n/10 Shear stress at the ve
s-sel
 []

LaTeX Font Info:    Trying to load font information for U+msa on input line 260
.
(c:/Users/grola/texlive/2021/texmf-dist/tex/latex/amsfonts/umsa.fd
File: umsa.fd 2013/01/14 v3.01 AMS symbols A
)
LaTeX Font Info:    Trying to load font information for U+msb on input line 260
.

(c:/Users/grola/texlive/2021/texmf-dist/tex/latex/amsfonts/umsb.fd
File: umsb.fd 2013/01/14 v3.01 AMS symbols B
)
<./figs//fig1_vessel-division_schematic.png, id=7, 1836.8625pt x 335.75438pt>
File: ./figs//fig1_vessel-division_schematic.png Graphic file (type png)
<use ./figs//fig1_vessel-division_schematic.png>
Package pdftex.def Info: ./figs//fig1_vessel-division_schematic.png  used on in
put line 263.
(pdftex.def)             Requested size: 232.84843pt x 42.55835pt.


LaTeX Warning: `!h' float specifier changed to `!ht'.

[1{c:/Users/grola/texlive/2021/texmf-var/fonts/map/pdftex/updmap/pdftex.map} <.
/figs//fig1_vessel-division_schematic.png>]
Underfull \hbox (badness 2165) in paragraph at lines 346--349
\T1/ptm/m/n/10 where the LSH de-scribes the con-vec-tion of oxy-gen
 []

<./figs//schematic-vegf.png, id=42, 389.65575pt x 376.40625pt>
File: ./figs//schematic-vegf.png Graphic file (type png)
<use ./figs//schematic-vegf.png>
Package pdftex.def Info: ./figs//schematic-vegf.png  used on input line 366.
(pdftex.def)             Requested size: 232.84843pt x 224.938pt.
<./figs//signal-schematic.png, id=43, 380.622pt x 221.02576pt>
File: ./figs//signal-schematic.png Graphic file (type png)
<use ./figs//signal-schematic.png>
Package pdftex.def Info: ./figs//signal-schematic.png  used on input line 380.
(pdftex.def)             Requested size: 232.84843pt x 135.21672pt.
[2 <./figs//schematic-vegf.png> <./figs//signal-schematic.png>]
LaTeX Font Info:    Trying to load font information for TS1+ptm on input line 4
28.

(c:/Users/grola/texlive/2021/texmf-dist/tex/latex/psnfss/ts1ptm.fd
File: ts1ptm.fd 2001/06/04 font definitions for TS1/ptm.
)
(./vascular-network_v1.bbl

LaTeX Warning: Reference `LastBibItem' on page 3 undefined on input line 9.


Package natbib Warning: Empty `thebibliography' environment on input line 53.

)
\Changes@OutFile=\write5
\openout5 = `vascular-network_v1.soc'.

\tf@loc=\write6
\openout6 = `vascular-network_v1.loc'.

 [3] (./vascular-network_v1.aux)

LaTeX Warning: There were undefined references.

 ) 
Here is how much of TeX's memory you used:
 25010 strings out of 478599
 440033 string characters out of 5852089
 782680 words of memory out of 5000000
 42372 multiletter control sequences out of 15000+600000
 430054 words of font info for 64 fonts, out of 8000000 for 9000
 1141 hyphenation exceptions out of 8191
 114i,14n,111p,1190b,373s stack positions out of 5000i,500n,10000p,200000b,80000s
{c:/Users/grola/texlive/2021/texmf-dist/fonts/enc/dvips/base/8r.enc}<c:/Users
/grola/texlive/2021/texmf-dist/fonts/type1/public/amsfonts/cm/cmbx10.pfb><c:/Us
ers/grola/texlive/2021/texmf-dist/fonts/type1/public/amsfonts/cm/cmbxti10.pfb><
c:/Users/grola/texlive/2021/texmf-dist/fonts/type1/public/amsfonts/cm/cmex10.pf
b><c:/Users/grola/texlive/2021/texmf-dist/fonts/type1/public/amsfonts/cm/cmmi10
.pfb><c:/Users/grola/texlive/2021/texmf-dist/fonts/type1/public/amsfonts/cm/cmm
i5.pfb><c:/Users/grola/texlive/2021/texmf-dist/fonts/type1/public/amsfonts/cm/c
mmi7.pfb><c:/Users/grola/texlive/2021/texmf-dist/fonts/type1/public/amsfonts/cm
/cmr10.pfb><c:/Users/grola/texlive/2021/texmf-dist/fonts/type1/public/amsfonts/
cm/cmr7.pfb><c:/Users/grola/texlive/2021/texmf-dist/fonts/type1/public/amsfonts
/cm/cmsy10.pfb><c:/Users/grola/texlive/2021/texmf-dist/fonts/type1/public/amsfo
nts/cm/cmsy7.pfb><c:/Users/grola/texlive/2021/texmf-dist/fonts/type1/urw/times/
utmb8a.pfb><c:/Users/grola/texlive/2021/texmf-dist/fonts/type1/urw/times/utmr8a
.pfb><c:/Users/grola/texlive/2021/texmf-dist/fonts/type1/urw/times/utmri8a.pfb>

Output written on vascular-network_v1.pdf (3 pages, 1098601 bytes).
PDF statistics:
 148 PDF objects out of 1000 (max. 8388607)
 109 compressed objects within 2 object streams
 42 named destinations out of 1000 (max. 500000)
 28 words of extra memory for PDF output out of 10000 (max. 10000000)

